09:55:38.650 debug: 2025/12/16 09:55:38
09:55:38.651 debug: Project: D:\cocos\project\StoryOfLegend
09:55:38.651 debug: Targets: editor,preview
09:55:38.658 debug: Packer deriver version file lost or format incorrect: Error: ENOENT: no such file or directory, open 'D:\cocos\project\StoryOfLegend\temp\programming\packer-driver\VERSION'
09:55:38.658 debug: Clearing out the targets...
09:55:38.664 debug: Engine path: D:\cocos\editor\Creator\3.8.7\resources\resources\3d\engine
09:55:38.684 debug: Initializing target [Editor]
09:55:38.685 debug: Loading cache
09:55:38.686 debug: No record files found: Error: ENOENT: no such file or directory, open 'D:\cocos\project\StoryOfLegend\temp\programming\packer-driver\targets\editor\main-record.json'
09:55:38.687 debug: Loading cache costs 1.3465000000005602ms.
09:55:38.687 debug: Engine features shipped in editor: base,gfx-webgl,gfx-webgl2,gfx-empty,gfx-webgpu,3d,animation,skeletal-animation,2d,rich-text,mask,graphics,ui-skew,ui,affine-transform,sorting-2d,particle,particle-2d,physics-framework,physics-cannon,physics-physx,physics-ammo,physics-builtin,physics-2d-framework,physics-2d-box2d-jsb,physics-2d-box2d,physics-2d-builtin,physics-2d-box2d-wasm,intersection-2d,primitive,profiler,occlusion-query,geometry-renderer,debug-renderer,audio,video,xr,light-probe,terrain,webview,tween,tiled-map,vendor-google,spine-3.8,spine-4.2,dragon-bones,marionette,procedural-animation,custom-pipeline,custom-pipeline-builtin-scripts,custom-pipeline-post-process,legacy-pipeline,websocket,websocket-server,meshopt
09:55:38.687 debug: Our import map(foo:/bar): {
  "imports": {
    "cc": "cce:/internal/x/cc"
  }
}
09:55:38.687 debug: Initializing target [Preview]
09:55:38.688 debug: Loading cache
09:55:38.689 debug: No record files found: Error: ENOENT: no such file or directory, open 'D:\cocos\project\StoryOfLegend\temp\programming\packer-driver\targets\preview\main-record.json'
09:55:38.689 debug: Loading cache costs 0.7429000000001906ms.
09:55:38.689 debug: Our import map(foo:/bar): {
  "imports": {
    "cc": "cce:/internal/x/cc"
  }
}
09:55:38.745 debug: Sync engine features: 2d,affine-transform,animation,audio,base,custom-pipeline,dragon-bones,gfx-webgl,gfx-webgl2,graphics,intersection-2d,mask,particle-2d,physics-2d-box2d,profiler,rich-text,spine-3.8,tiled-map,tween,ui,video,webview
09:55:38.752 debug: Reset databases. Enumerated domains: [
  {
    "root": "db://internal/",
    "physical": "D:\\cocos\\editor\\Creator\\3.8.7\\resources\\resources\\3d\\engine\\editor\\assets"
  },
  {
    "root": "db://assets/",
    "physical": "D:\\cocos\\project\\StoryOfLegend\\assets"
  }
]
09:55:38.752 debug: Our import map(foo:/bar): {
  "imports": {
    "cc": "cce:/internal/x/cc",
    "db://internal/": "file:///D:/cocos/editor/Creator/3.8.7/resources/resources/3d/engine/editor/assets/",
    "db://assets/": "file:///D:/cocos/project/StoryOfLegend/assets/"
  }
}
09:55:38.754 debug: Our import map(foo:/bar): {
  "imports": {
    "cc": "cce:/internal/x/cc",
    "db://internal/": "file:///D:/cocos/editor/Creator/3.8.7/resources/resources/3d/engine/editor/assets/",
    "db://assets/": "file:///D:/cocos/project/StoryOfLegend/assets/"
  }
}
09:55:38.756 debug: Pulling asset-db.
09:55:38.760 debug: Fetch asset-db cost: 4.154399999999441ms.
09:55:38.765 debug: Build iteration starts.
Number of accumulated asset changes: 0
Feature changed: false
09:55:38.765 debug: Target(editor) build started.
09:55:38.770 debug: QuickPack.build, lock file failed!, workspace: D:\cocos\project\StoryOfLegend\temp\programming\packer-driver\targets\editor, err: Error: ENOENT: no such file or directory, lstat 'D:\cocos\project\StoryOfLegend\temp\programming\packer-driver\targets\editor'
09:55:38.770 debug: Inspect cce:/internal/x/cc
09:55:38.847 debug: transform url: 'cce:/internal/x/cc' costs: 77.00 ms
09:55:38.849 debug: Resolve cce:/internal/x/cc-fu/base from cce:/internal/x/cc as external dependency cce:/internal/x/cc-fu/base.
09:55:38.849 debug: Resolve cce:/internal/x/cc-fu/gfx-webgl from cce:/internal/x/cc as external dependency cce:/internal/x/cc-fu/gfx-webgl.
09:55:38.850 debug: Resolve cce:/internal/x/cc-fu/gfx-webgl2 from cce:/internal/x/cc as external dependency cce:/internal/x/cc-fu/gfx-webgl2.
09:55:38.850 debug: Resolve cce:/internal/x/cc-fu/gfx-empty from cce:/internal/x/cc as external dependency cce:/internal/x/cc-fu/gfx-empty.
09:55:38.850 debug: Resolve cce:/internal/x/cc-fu/gfx-webgpu from cce:/internal/x/cc as external dependency cce:/internal/x/cc-fu/gfx-webgpu.
09:55:38.850 debug: Resolve cce:/internal/x/cc-fu/3d from cce:/internal/x/cc as external dependency cce:/internal/x/cc-fu/3d.
09:55:38.850 debug: Resolve cce:/internal/x/cc-fu/animation from cce:/internal/x/cc as external dependency cce:/internal/x/cc-fu/animation.
09:55:38.850 debug: Resolve cce:/internal/x/cc-fu/skeletal-animation from cce:/internal/x/cc as external dependency cce:/internal/x/cc-fu/skeletal-animation.
09:55:38.850 debug: Resolve cce:/internal/x/cc-fu/2d from cce:/internal/x/cc as external dependency cce:/internal/x/cc-fu/2d.
09:55:38.850 debug: Resolve cce:/internal/x/cc-fu/sorting from cce:/internal/x/cc as external dependency cce:/internal/x/cc-fu/sorting.
09:55:38.850 debug: Resolve cce:/internal/x/cc-fu/rich-text from cce:/internal/x/cc as external dependency cce:/internal/x/cc-fu/rich-text.
09:55:38.850 debug: Resolve cce:/internal/x/cc-fu/mask from cce:/internal/x/cc as external dependency cce:/internal/x/cc-fu/mask.
09:55:38.850 debug: Resolve cce:/internal/x/cc-fu/graphics from cce:/internal/x/cc as external dependency cce:/internal/x/cc-fu/graphics.
09:55:38.850 debug: Resolve cce:/internal/x/cc-fu/ui-skew from cce:/internal/x/cc as external dependency cce:/internal/x/cc-fu/ui-skew.
09:55:38.850 debug: Resolve cce:/internal/x/cc-fu/ui from cce:/internal/x/cc as external dependency cce:/internal/x/cc-fu/ui.
09:55:38.850 debug: Resolve cce:/internal/x/cc-fu/affine-transform from cce:/internal/x/cc as external dependency cce:/internal/x/cc-fu/affine-transform.
09:55:38.850 debug: Resolve cce:/internal/x/cc-fu/sorting-2d from cce:/internal/x/cc as external dependency cce:/internal/x/cc-fu/sorting-2d.
09:55:38.850 debug: Resolve cce:/internal/x/cc-fu/particle from cce:/internal/x/cc as external dependency cce:/internal/x/cc-fu/particle.
09:55:38.850 debug: Resolve cce:/internal/x/cc-fu/particle-2d from cce:/internal/x/cc as external dependency cce:/internal/x/cc-fu/particle-2d.
09:55:38.850 debug: Resolve cce:/internal/x/cc-fu/physics-framework from cce:/internal/x/cc as external dependency cce:/internal/x/cc-fu/physics-framework.
09:55:38.850 debug: Resolve cce:/internal/x/cc-fu/physics-cannon from cce:/internal/x/cc as external dependency cce:/internal/x/cc-fu/physics-cannon.
09:55:38.850 debug: Resolve cce:/internal/x/cc-fu/physics-physx from cce:/internal/x/cc as external dependency cce:/internal/x/cc-fu/physics-physx.
09:55:38.850 debug: Resolve cce:/internal/x/cc-fu/physics-ammo from cce:/internal/x/cc as external dependency cce:/internal/x/cc-fu/physics-ammo.
09:55:38.850 debug: Resolve cce:/internal/x/cc-fu/physics-builtin from cce:/internal/x/cc as external dependency cce:/internal/x/cc-fu/physics-builtin.
09:55:38.850 debug: Resolve cce:/internal/x/cc-fu/physics-2d-framework from cce:/internal/x/cc as external dependency cce:/internal/x/cc-fu/physics-2d-framework.
09:55:38.850 debug: Resolve cce:/internal/x/cc-fu/physics-2d-box2d-jsb from cce:/internal/x/cc as external dependency cce:/internal/x/cc-fu/physics-2d-box2d-jsb.
09:55:38.850 debug: Resolve cce:/internal/x/cc-fu/physics-2d-box2d from cce:/internal/x/cc as external dependency cce:/internal/x/cc-fu/physics-2d-box2d.
09:55:38.850 debug: Resolve cce:/internal/x/cc-fu/physics-2d-builtin from cce:/internal/x/cc as external dependency cce:/internal/x/cc-fu/physics-2d-builtin.
09:55:38.851 debug: Resolve cce:/internal/x/cc-fu/physics-2d-box2d-wasm from cce:/internal/x/cc as external dependency cce:/internal/x/cc-fu/physics-2d-box2d-wasm.
09:55:38.851 debug: Resolve cce:/internal/x/cc-fu/intersection-2d from cce:/internal/x/cc as external dependency cce:/internal/x/cc-fu/intersection-2d.
09:55:38.851 debug: Resolve cce:/internal/x/cc-fu/primitive from cce:/internal/x/cc as external dependency cce:/internal/x/cc-fu/primitive.
09:55:38.851 debug: Resolve cce:/internal/x/cc-fu/profiler from cce:/internal/x/cc as external dependency cce:/internal/x/cc-fu/profiler.
09:55:38.851 debug: Resolve cce:/internal/x/cc-fu/geometry-renderer from cce:/internal/x/cc as external dependency cce:/internal/x/cc-fu/geometry-renderer.
09:55:38.851 debug: Resolve cce:/internal/x/cc-fu/audio from cce:/internal/x/cc as external dependency cce:/internal/x/cc-fu/audio.
09:55:38.851 debug: Resolve cce:/internal/x/cc-fu/video from cce:/internal/x/cc as external dependency cce:/internal/x/cc-fu/video.
09:55:38.851 debug: Resolve cce:/internal/x/cc-fu/xr from cce:/internal/x/cc as external dependency cce:/internal/x/cc-fu/xr.
09:55:38.851 debug: Resolve cce:/internal/x/cc-fu/light-probe from cce:/internal/x/cc as external dependency cce:/internal/x/cc-fu/light-probe.
09:55:38.851 debug: Resolve cce:/internal/x/cc-fu/terrain from cce:/internal/x/cc as external dependency cce:/internal/x/cc-fu/terrain.
09:55:38.851 debug: Resolve cce:/internal/x/cc-fu/webview from cce:/internal/x/cc as external dependency cce:/internal/x/cc-fu/webview.
09:55:38.851 debug: Resolve cce:/internal/x/cc-fu/tween from cce:/internal/x/cc as external dependency cce:/internal/x/cc-fu/tween.
09:55:38.851 debug: Resolve cce:/internal/x/cc-fu/tiled-map from cce:/internal/x/cc as external dependency cce:/internal/x/cc-fu/tiled-map.
09:55:38.851 debug: Resolve cce:/internal/x/cc-fu/vendor-google from cce:/internal/x/cc as external dependency cce:/internal/x/cc-fu/vendor-google.
09:55:38.851 debug: Resolve cce:/internal/x/cc-fu/spine from cce:/internal/x/cc as external dependency cce:/internal/x/cc-fu/spine.
09:55:38.851 debug: Resolve cce:/internal/x/cc-fu/dragon-bones from cce:/internal/x/cc as external dependency cce:/internal/x/cc-fu/dragon-bones.
09:55:38.851 debug: Resolve cce:/internal/x/cc-fu/custom-pipeline from cce:/internal/x/cc as external dependency cce:/internal/x/cc-fu/custom-pipeline.
09:55:38.851 debug: Resolve cce:/internal/x/cc-fu/custom-pipeline-post-process from cce:/internal/x/cc as external dependency cce:/internal/x/cc-fu/custom-pipeline-post-process.
09:55:38.851 debug: Resolve cce:/internal/x/cc-fu/legacy-pipeline from cce:/internal/x/cc as external dependency cce:/internal/x/cc-fu/legacy-pipeline.
09:55:38.852 debug: Inspect cce:/internal/x/prerequisite-imports
09:55:38.877 debug: transform url: 'cce:/internal/x/prerequisite-imports' costs: 25.60 ms
09:55:38.966 debug: Target(editor) ends with cost 200.77739999999994ms.
09:55:38.967 debug: Target(preview) build started.
09:55:39.007 debug: QuickPack.build, lock file failed!, workspace: D:\cocos\project\StoryOfLegend\temp\programming\packer-driver\targets\preview, err: Error: ENOENT: no such file or directory, lstat 'D:\cocos\project\StoryOfLegend\temp\programming\packer-driver\targets\preview'
09:55:39.007 debug: Inspect cce:/internal/x/cc
09:55:39.075 debug: transform url: 'cce:/internal/x/cc' costs: 67.30 ms
09:55:39.076 debug: Resolve cce:/internal/x/cc-fu/2d from cce:/internal/x/cc as external dependency cce:/internal/x/cc-fu/2d.
09:55:39.076 debug: Resolve cce:/internal/x/cc-fu/sorting from cce:/internal/x/cc as external dependency cce:/internal/x/cc-fu/sorting.
09:55:39.077 debug: Resolve cce:/internal/x/cc-fu/affine-transform from cce:/internal/x/cc as external dependency cce:/internal/x/cc-fu/affine-transform.
09:55:39.077 debug: Resolve cce:/internal/x/cc-fu/animation from cce:/internal/x/cc as external dependency cce:/internal/x/cc-fu/animation.
09:55:39.077 debug: Resolve cce:/internal/x/cc-fu/audio from cce:/internal/x/cc as external dependency cce:/internal/x/cc-fu/audio.
09:55:39.077 debug: Resolve cce:/internal/x/cc-fu/base from cce:/internal/x/cc as external dependency cce:/internal/x/cc-fu/base.
09:55:39.077 debug: Resolve cce:/internal/x/cc-fu/custom-pipeline from cce:/internal/x/cc as external dependency cce:/internal/x/cc-fu/custom-pipeline.
09:55:39.077 debug: Resolve cce:/internal/x/cc-fu/dragon-bones from cce:/internal/x/cc as external dependency cce:/internal/x/cc-fu/dragon-bones.
09:55:39.077 debug: Resolve cce:/internal/x/cc-fu/gfx-webgl from cce:/internal/x/cc as external dependency cce:/internal/x/cc-fu/gfx-webgl.
09:55:39.077 debug: Resolve cce:/internal/x/cc-fu/gfx-webgl2 from cce:/internal/x/cc as external dependency cce:/internal/x/cc-fu/gfx-webgl2.
09:55:39.077 debug: Resolve cce:/internal/x/cc-fu/graphics from cce:/internal/x/cc as external dependency cce:/internal/x/cc-fu/graphics.
09:55:39.077 debug: Resolve cce:/internal/x/cc-fu/intersection-2d from cce:/internal/x/cc as external dependency cce:/internal/x/cc-fu/intersection-2d.
09:55:39.077 debug: Resolve cce:/internal/x/cc-fu/mask from cce:/internal/x/cc as external dependency cce:/internal/x/cc-fu/mask.
09:55:39.077 debug: Resolve cce:/internal/x/cc-fu/particle-2d from cce:/internal/x/cc as external dependency cce:/internal/x/cc-fu/particle-2d.
09:55:39.077 debug: Resolve cce:/internal/x/cc-fu/physics-2d-box2d from cce:/internal/x/cc as external dependency cce:/internal/x/cc-fu/physics-2d-box2d.
09:55:39.077 debug: Resolve cce:/internal/x/cc-fu/physics-2d-framework from cce:/internal/x/cc as external dependency cce:/internal/x/cc-fu/physics-2d-framework.
09:55:39.077 debug: Resolve cce:/internal/x/cc-fu/profiler from cce:/internal/x/cc as external dependency cce:/internal/x/cc-fu/profiler.
09:55:39.077 debug: Resolve cce:/internal/x/cc-fu/rich-text from cce:/internal/x/cc as external dependency cce:/internal/x/cc-fu/rich-text.
09:55:39.078 debug: Resolve cce:/internal/x/cc-fu/spine from cce:/internal/x/cc as external dependency cce:/internal/x/cc-fu/spine.
09:55:39.078 debug: Resolve cce:/internal/x/cc-fu/tiled-map from cce:/internal/x/cc as external dependency cce:/internal/x/cc-fu/tiled-map.
09:55:39.078 debug: Resolve cce:/internal/x/cc-fu/tween from cce:/internal/x/cc as external dependency cce:/internal/x/cc-fu/tween.
09:55:39.078 debug: Resolve cce:/internal/x/cc-fu/ui from cce:/internal/x/cc as external dependency cce:/internal/x/cc-fu/ui.
09:55:39.078 debug: Resolve cce:/internal/x/cc-fu/video from cce:/internal/x/cc as external dependency cce:/internal/x/cc-fu/video.
09:55:39.078 debug: Resolve cce:/internal/x/cc-fu/webview from cce:/internal/x/cc as external dependency cce:/internal/x/cc-fu/webview.
09:55:39.078 debug: Inspect cce:/internal/x/prerequisite-imports
09:55:39.093 debug: transform url: 'cce:/internal/x/prerequisite-imports' costs: 14.70 ms
09:55:39.104 debug: Target(preview) ends with cost 137.39490000000023ms.
09:55:48.469 debug: Pulling asset-db.
09:55:48.872 debug: Fetch asset-db cost: 402.64740000000165ms.
09:55:48.877 debug: Build iteration starts.
Number of accumulated asset changes: 6
Feature changed: false
09:55:48.878 debug: Target(editor) build started.
09:55:48.894 debug: Detected change: cce:/internal/x/prerequisite-imports. Last mtime: Thu Jan 01 1970 08:00:06 GMT+0800 (中国标准时间), Current mtime: Thu Jan 01 1970 08:00:17 GMT+0800 (中国标准时间)
09:55:48.895 debug: Inspect cce:/internal/x/prerequisite-imports
09:55:48.915 debug: transform url: 'cce:/internal/x/prerequisite-imports' costs: 19.80 ms
09:55:48.918 debug: Resolve file:///D:/cocos/editor/Creator/3.8.7/resources/resources/3d/engine/editor/assets/default_renderpipeline/builtin-dof-pass.ts from cce:/internal/x/prerequisite-imports as file:///D:/cocos/editor/Creator/3.8.7/resources/resources/3d/engine/editor/assets/default_renderpipeline/builtin-dof-pass.ts.
09:55:48.919 debug: Inspect file:///D:/cocos/editor/Creator/3.8.7/resources/resources/3d/engine/editor/assets/default_renderpipeline/builtin-dof-pass.ts
09:55:49.130 debug: transform url: 'file:///D:/cocos/editor/Creator/3.8.7/resources/resources/3d/engine/editor/assets/default_renderpipeline/builtin-dof-pass.ts' costs: 211.00 ms
09:55:49.137 debug: Resolve file:///D:/cocos/editor/Creator/3.8.7/resources/resources/3d/engine/editor/assets/default_renderpipeline/builtin-pipeline-pass.ts from cce:/internal/x/prerequisite-imports as file:///D:/cocos/editor/Creator/3.8.7/resources/resources/3d/engine/editor/assets/default_renderpipeline/builtin-pipeline-pass.ts.
09:55:49.138 debug: Inspect file:///D:/cocos/editor/Creator/3.8.7/resources/resources/3d/engine/editor/assets/default_renderpipeline/builtin-pipeline-pass.ts
09:55:49.192 debug: transform url: 'file:///D:/cocos/editor/Creator/3.8.7/resources/resources/3d/engine/editor/assets/default_renderpipeline/builtin-pipeline-pass.ts' costs: 54.50 ms
09:55:49.199 debug: Resolve file:///D:/cocos/editor/Creator/3.8.7/resources/resources/3d/engine/editor/assets/default_renderpipeline/builtin-pipeline-settings.ts from cce:/internal/x/prerequisite-imports as file:///D:/cocos/editor/Creator/3.8.7/resources/resources/3d/engine/editor/assets/default_renderpipeline/builtin-pipeline-settings.ts.
09:55:49.199 debug: Inspect file:///D:/cocos/editor/Creator/3.8.7/resources/resources/3d/engine/editor/assets/default_renderpipeline/builtin-pipeline-settings.ts
09:55:49.353 debug: transform url: 'file:///D:/cocos/editor/Creator/3.8.7/resources/resources/3d/engine/editor/assets/default_renderpipeline/builtin-pipeline-settings.ts' costs: 154.00 ms
09:55:49.358 debug: Resolve file:///D:/cocos/editor/Creator/3.8.7/resources/resources/3d/engine/editor/assets/default_renderpipeline/builtin-pipeline-types.ts from cce:/internal/x/prerequisite-imports as file:///D:/cocos/editor/Creator/3.8.7/resources/resources/3d/engine/editor/assets/default_renderpipeline/builtin-pipeline-types.ts.
09:55:49.359 debug: Inspect file:///D:/cocos/editor/Creator/3.8.7/resources/resources/3d/engine/editor/assets/default_renderpipeline/builtin-pipeline-types.ts
09:55:49.447 debug: transform url: 'file:///D:/cocos/editor/Creator/3.8.7/resources/resources/3d/engine/editor/assets/default_renderpipeline/builtin-pipeline-types.ts' costs: 88.80 ms
09:55:49.453 debug: Resolve file:///D:/cocos/editor/Creator/3.8.7/resources/resources/3d/engine/editor/assets/default_renderpipeline/builtin-pipeline.ts from cce:/internal/x/prerequisite-imports as file:///D:/cocos/editor/Creator/3.8.7/resources/resources/3d/engine/editor/assets/default_renderpipeline/builtin-pipeline.ts.
09:55:49.454 debug: Inspect file:///D:/cocos/editor/Creator/3.8.7/resources/resources/3d/engine/editor/assets/default_renderpipeline/builtin-pipeline.ts
09:55:49.956 debug: transform url: 'file:///D:/cocos/editor/Creator/3.8.7/resources/resources/3d/engine/editor/assets/default_renderpipeline/builtin-pipeline.ts' costs: 501.90 ms
09:55:49.969 debug: Resolve file:///D:/cocos/editor/Creator/3.8.7/resources/resources/3d/engine/editor/assets/tools/debug-view-runtime-control.ts from cce:/internal/x/prerequisite-imports as file:///D:/cocos/editor/Creator/3.8.7/resources/resources/3d/engine/editor/assets/tools/debug-view-runtime-control.ts.
09:55:49.970 debug: Inspect file:///D:/cocos/editor/Creator/3.8.7/resources/resources/3d/engine/editor/assets/tools/debug-view-runtime-control.ts
09:55:50.129 debug: transform url: 'file:///D:/cocos/editor/Creator/3.8.7/resources/resources/3d/engine/editor/assets/tools/debug-view-runtime-control.ts' costs: 159.50 ms
09:55:50.132 debug: Resolve cce:/internal/code-quality/cr.mjs from file:///D:/cocos/editor/Creator/3.8.7/resources/resources/3d/engine/editor/assets/default_renderpipeline/builtin-dof-pass.ts as cce:/internal/code-quality/cr.mjs.
09:55:50.132 debug: Inspect cce:/internal/code-quality/cr.mjs
09:55:50.143 debug: transform url: 'cce:/internal/code-quality/cr.mjs' costs: 10.10 ms
09:55:50.145 debug: Resolve cc from file:///D:/cocos/editor/Creator/3.8.7/resources/resources/3d/engine/editor/assets/default_renderpipeline/builtin-dof-pass.ts as cce:/internal/x/cc.
09:55:50.145 debug: Resolve cc from file:///D:/cocos/editor/Creator/3.8.7/resources/resources/3d/engine/editor/assets/default_renderpipeline/builtin-dof-pass.ts as cce:/internal/x/cc.
09:55:50.146 debug: Resolve cc from file:///D:/cocos/editor/Creator/3.8.7/resources/resources/3d/engine/editor/assets/default_renderpipeline/builtin-dof-pass.ts as cce:/internal/x/cc.
09:55:50.146 debug: Resolve cc/env from file:///D:/cocos/editor/Creator/3.8.7/resources/resources/3d/engine/editor/assets/default_renderpipeline/builtin-dof-pass.ts as external dependency cc/env.
09:55:50.147 debug: Resolve ./builtin-pipeline-settings from file:///D:/cocos/editor/Creator/3.8.7/resources/resources/3d/engine/editor/assets/default_renderpipeline/builtin-dof-pass.ts as file:///D:/cocos/editor/Creator/3.8.7/resources/resources/3d/engine/editor/assets/default_renderpipeline/builtin-pipeline-settings.ts.
09:55:50.148 debug: Resolve ./builtin-pipeline-pass from file:///D:/cocos/editor/Creator/3.8.7/resources/resources/3d/engine/editor/assets/default_renderpipeline/builtin-dof-pass.ts as file:///D:/cocos/editor/Creator/3.8.7/resources/resources/3d/engine/editor/assets/default_renderpipeline/builtin-pipeline-pass.ts.
09:55:50.149 debug: Resolve ./builtin-pipeline from file:///D:/cocos/editor/Creator/3.8.7/resources/resources/3d/engine/editor/assets/default_renderpipeline/builtin-dof-pass.ts as file:///D:/cocos/editor/Creator/3.8.7/resources/resources/3d/engine/editor/assets/default_renderpipeline/builtin-pipeline.ts.
09:55:50.149 debug: Resolve cce:/internal/code-quality/cr.mjs from file:///D:/cocos/editor/Creator/3.8.7/resources/resources/3d/engine/editor/assets/default_renderpipeline/builtin-pipeline-settings.ts as cce:/internal/code-quality/cr.mjs.
09:55:50.149 debug: Resolve cc from file:///D:/cocos/editor/Creator/3.8.7/resources/resources/3d/engine/editor/assets/default_renderpipeline/builtin-pipeline-settings.ts as cce:/internal/x/cc.
09:55:50.150 debug: Resolve cc from file:///D:/cocos/editor/Creator/3.8.7/resources/resources/3d/engine/editor/assets/default_renderpipeline/builtin-pipeline-settings.ts as cce:/internal/x/cc.
09:55:50.150 debug: Resolve cc from file:///D:/cocos/editor/Creator/3.8.7/resources/resources/3d/engine/editor/assets/default_renderpipeline/builtin-pipeline-settings.ts as cce:/internal/x/cc.
09:55:50.150 debug: Resolve cc/env from file:///D:/cocos/editor/Creator/3.8.7/resources/resources/3d/engine/editor/assets/default_renderpipeline/builtin-pipeline-settings.ts as external dependency cc/env.
09:55:50.150 debug: Resolve ./builtin-pipeline-types from file:///D:/cocos/editor/Creator/3.8.7/resources/resources/3d/engine/editor/assets/default_renderpipeline/builtin-pipeline-settings.ts as file:///D:/cocos/editor/Creator/3.8.7/resources/resources/3d/engine/editor/assets/default_renderpipeline/builtin-pipeline-types.ts.
09:55:50.150 debug: Resolve cc from file:///D:/cocos/editor/Creator/3.8.7/resources/resources/3d/engine/editor/assets/default_renderpipeline/builtin-pipeline-types.ts as cce:/internal/x/cc.
09:55:50.150 debug: Resolve cc from file:///D:/cocos/editor/Creator/3.8.7/resources/resources/3d/engine/editor/assets/default_renderpipeline/builtin-pipeline-types.ts as cce:/internal/x/cc.
09:55:50.150 debug: Resolve cc from file:///D:/cocos/editor/Creator/3.8.7/resources/resources/3d/engine/editor/assets/default_renderpipeline/builtin-pipeline-types.ts as cce:/internal/x/cc.
09:55:50.150 debug: Resolve cce:/internal/code-quality/cr.mjs from file:///D:/cocos/editor/Creator/3.8.7/resources/resources/3d/engine/editor/assets/default_renderpipeline/builtin-pipeline-pass.ts as cce:/internal/code-quality/cr.mjs.
09:55:50.151 debug: Resolve cc from file:///D:/cocos/editor/Creator/3.8.7/resources/resources/3d/engine/editor/assets/default_renderpipeline/builtin-pipeline-pass.ts as cce:/internal/x/cc.
09:55:50.151 debug: Resolve cc from file:///D:/cocos/editor/Creator/3.8.7/resources/resources/3d/engine/editor/assets/default_renderpipeline/builtin-pipeline-pass.ts as cce:/internal/x/cc.
09:55:50.151 debug: Resolve cc from file:///D:/cocos/editor/Creator/3.8.7/resources/resources/3d/engine/editor/assets/default_renderpipeline/builtin-pipeline-pass.ts as cce:/internal/x/cc.
09:55:50.153 debug: Resolve ./builtin-pipeline-settings from file:///D:/cocos/editor/Creator/3.8.7/resources/resources/3d/engine/editor/assets/default_renderpipeline/builtin-pipeline-pass.ts as file:///D:/cocos/editor/Creator/3.8.7/resources/resources/3d/engine/editor/assets/default_renderpipeline/builtin-pipeline-settings.ts.
09:55:50.153 debug: Resolve cc/env from file:///D:/cocos/editor/Creator/3.8.7/resources/resources/3d/engine/editor/assets/default_renderpipeline/builtin-pipeline-pass.ts as external dependency cc/env.
09:55:50.153 debug: Resolve cce:/internal/code-quality/cr.mjs from file:///D:/cocos/editor/Creator/3.8.7/resources/resources/3d/engine/editor/assets/default_renderpipeline/builtin-pipeline.ts as cce:/internal/code-quality/cr.mjs.
09:55:50.153 debug: Resolve cc from file:///D:/cocos/editor/Creator/3.8.7/resources/resources/3d/engine/editor/assets/default_renderpipeline/builtin-pipeline.ts as cce:/internal/x/cc.
09:55:50.153 debug: Resolve cc from file:///D:/cocos/editor/Creator/3.8.7/resources/resources/3d/engine/editor/assets/default_renderpipeline/builtin-pipeline.ts as cce:/internal/x/cc.
09:55:50.153 debug: Resolve cc from file:///D:/cocos/editor/Creator/3.8.7/resources/resources/3d/engine/editor/assets/default_renderpipeline/builtin-pipeline.ts as cce:/internal/x/cc.
09:55:50.153 debug: Resolve cc/env from file:///D:/cocos/editor/Creator/3.8.7/resources/resources/3d/engine/editor/assets/default_renderpipeline/builtin-pipeline.ts as external dependency cc/env.
09:55:50.155 debug: Resolve ./builtin-pipeline-types from file:///D:/cocos/editor/Creator/3.8.7/resources/resources/3d/engine/editor/assets/default_renderpipeline/builtin-pipeline.ts as file:///D:/cocos/editor/Creator/3.8.7/resources/resources/3d/engine/editor/assets/default_renderpipeline/builtin-pipeline-types.ts.
09:55:50.155 debug: Resolve cc from file:///D:/cocos/editor/Creator/3.8.7/resources/resources/3d/engine/editor/assets/tools/debug-view-runtime-control.ts as cce:/internal/x/cc.
09:55:50.155 debug: Resolve cc from file:///D:/cocos/editor/Creator/3.8.7/resources/resources/3d/engine/editor/assets/tools/debug-view-runtime-control.ts as cce:/internal/x/cc.
09:55:50.156 debug: Resolve cc from file:///D:/cocos/editor/Creator/3.8.7/resources/resources/3d/engine/editor/assets/tools/debug-view-runtime-control.ts as cce:/internal/x/cc.
09:55:50.239 debug: Target(editor) ends with cost 1360.0252ms.
09:55:50.241 debug: Target(preview) build started.
09:55:50.261 debug: Detected change: cce:/internal/x/prerequisite-imports. Last mtime: Thu Jan 01 1970 08:00:06 GMT+0800 (中国标准时间), Current mtime: Thu Jan 01 1970 08:00:18 GMT+0800 (中国标准时间)
09:55:50.261 debug: Inspect cce:/internal/x/prerequisite-imports
09:55:50.288 debug: transform url: 'cce:/internal/x/prerequisite-imports' costs: 26.10 ms
09:55:50.295 debug: Resolve file:///D:/cocos/editor/Creator/3.8.7/resources/resources/3d/engine/editor/assets/default_renderpipeline/builtin-dof-pass.ts from cce:/internal/x/prerequisite-imports as file:///D:/cocos/editor/Creator/3.8.7/resources/resources/3d/engine/editor/assets/default_renderpipeline/builtin-dof-pass.ts.
09:55:50.295 debug: Inspect file:///D:/cocos/editor/Creator/3.8.7/resources/resources/3d/engine/editor/assets/default_renderpipeline/builtin-dof-pass.ts
09:55:50.435 debug: transform url: 'file:///D:/cocos/editor/Creator/3.8.7/resources/resources/3d/engine/editor/assets/default_renderpipeline/builtin-dof-pass.ts' costs: 139.40 ms
09:55:50.440 debug: Resolve file:///D:/cocos/editor/Creator/3.8.7/resources/resources/3d/engine/editor/assets/default_renderpipeline/builtin-pipeline-pass.ts from cce:/internal/x/prerequisite-imports as file:///D:/cocos/editor/Creator/3.8.7/resources/resources/3d/engine/editor/assets/default_renderpipeline/builtin-pipeline-pass.ts.
09:55:50.440 debug: Inspect file:///D:/cocos/editor/Creator/3.8.7/resources/resources/3d/engine/editor/assets/default_renderpipeline/builtin-pipeline-pass.ts
09:55:50.487 debug: transform url: 'file:///D:/cocos/editor/Creator/3.8.7/resources/resources/3d/engine/editor/assets/default_renderpipeline/builtin-pipeline-pass.ts' costs: 46.80 ms
09:55:50.492 debug: Resolve file:///D:/cocos/editor/Creator/3.8.7/resources/resources/3d/engine/editor/assets/default_renderpipeline/builtin-pipeline-settings.ts from cce:/internal/x/prerequisite-imports as file:///D:/cocos/editor/Creator/3.8.7/resources/resources/3d/engine/editor/assets/default_renderpipeline/builtin-pipeline-settings.ts.
09:55:50.493 debug: Inspect file:///D:/cocos/editor/Creator/3.8.7/resources/resources/3d/engine/editor/assets/default_renderpipeline/builtin-pipeline-settings.ts
09:55:50.637 debug: transform url: 'file:///D:/cocos/editor/Creator/3.8.7/resources/resources/3d/engine/editor/assets/default_renderpipeline/builtin-pipeline-settings.ts' costs: 144.50 ms
09:55:50.644 debug: Resolve file:///D:/cocos/editor/Creator/3.8.7/resources/resources/3d/engine/editor/assets/default_renderpipeline/builtin-pipeline-types.ts from cce:/internal/x/prerequisite-imports as file:///D:/cocos/editor/Creator/3.8.7/resources/resources/3d/engine/editor/assets/default_renderpipeline/builtin-pipeline-types.ts.
09:55:50.644 debug: Inspect file:///D:/cocos/editor/Creator/3.8.7/resources/resources/3d/engine/editor/assets/default_renderpipeline/builtin-pipeline-types.ts
09:55:50.756 debug: transform url: 'file:///D:/cocos/editor/Creator/3.8.7/resources/resources/3d/engine/editor/assets/default_renderpipeline/builtin-pipeline-types.ts' costs: 111.90 ms
09:55:50.765 debug: Resolve file:///D:/cocos/editor/Creator/3.8.7/resources/resources/3d/engine/editor/assets/default_renderpipeline/builtin-pipeline.ts from cce:/internal/x/prerequisite-imports as file:///D:/cocos/editor/Creator/3.8.7/resources/resources/3d/engine/editor/assets/default_renderpipeline/builtin-pipeline.ts.
09:55:50.765 debug: Inspect file:///D:/cocos/editor/Creator/3.8.7/resources/resources/3d/engine/editor/assets/default_renderpipeline/builtin-pipeline.ts
09:55:51.395 debug: transform url: 'file:///D:/cocos/editor/Creator/3.8.7/resources/resources/3d/engine/editor/assets/default_renderpipeline/builtin-pipeline.ts' costs: 629.20 ms
09:55:51.401 debug: Resolve file:///D:/cocos/editor/Creator/3.8.7/resources/resources/3d/engine/editor/assets/tools/debug-view-runtime-control.ts from cce:/internal/x/prerequisite-imports as file:///D:/cocos/editor/Creator/3.8.7/resources/resources/3d/engine/editor/assets/tools/debug-view-runtime-control.ts.
09:55:51.401 debug: Inspect file:///D:/cocos/editor/Creator/3.8.7/resources/resources/3d/engine/editor/assets/tools/debug-view-runtime-control.ts
09:55:51.586 debug: transform url: 'file:///D:/cocos/editor/Creator/3.8.7/resources/resources/3d/engine/editor/assets/tools/debug-view-runtime-control.ts' costs: 184.80 ms
09:55:51.590 debug: Resolve cce:/internal/code-quality/cr.mjs from file:///D:/cocos/editor/Creator/3.8.7/resources/resources/3d/engine/editor/assets/default_renderpipeline/builtin-dof-pass.ts as cce:/internal/code-quality/cr.mjs.
09:55:51.590 debug: Inspect cce:/internal/code-quality/cr.mjs
09:55:51.609 debug: transform url: 'cce:/internal/code-quality/cr.mjs' costs: 18.60 ms
09:55:51.616 debug: Resolve cc from file:///D:/cocos/editor/Creator/3.8.7/resources/resources/3d/engine/editor/assets/default_renderpipeline/builtin-dof-pass.ts as cce:/internal/x/cc.
09:55:51.616 debug: Resolve cc from file:///D:/cocos/editor/Creator/3.8.7/resources/resources/3d/engine/editor/assets/default_renderpipeline/builtin-dof-pass.ts as cce:/internal/x/cc.
09:55:51.616 debug: Resolve cc from file:///D:/cocos/editor/Creator/3.8.7/resources/resources/3d/engine/editor/assets/default_renderpipeline/builtin-dof-pass.ts as cce:/internal/x/cc.
09:55:51.616 debug: Resolve cc/env from file:///D:/cocos/editor/Creator/3.8.7/resources/resources/3d/engine/editor/assets/default_renderpipeline/builtin-dof-pass.ts as external dependency cc/env.
09:55:51.619 debug: Resolve ./builtin-pipeline-settings from file:///D:/cocos/editor/Creator/3.8.7/resources/resources/3d/engine/editor/assets/default_renderpipeline/builtin-dof-pass.ts as file:///D:/cocos/editor/Creator/3.8.7/resources/resources/3d/engine/editor/assets/default_renderpipeline/builtin-pipeline-settings.ts.
09:55:51.621 debug: Resolve ./builtin-pipeline-pass from file:///D:/cocos/editor/Creator/3.8.7/resources/resources/3d/engine/editor/assets/default_renderpipeline/builtin-dof-pass.ts as file:///D:/cocos/editor/Creator/3.8.7/resources/resources/3d/engine/editor/assets/default_renderpipeline/builtin-pipeline-pass.ts.
09:55:51.624 debug: Resolve ./builtin-pipeline from file:///D:/cocos/editor/Creator/3.8.7/resources/resources/3d/engine/editor/assets/default_renderpipeline/builtin-dof-pass.ts as file:///D:/cocos/editor/Creator/3.8.7/resources/resources/3d/engine/editor/assets/default_renderpipeline/builtin-pipeline.ts.
09:55:51.624 debug: Resolve cce:/internal/code-quality/cr.mjs from file:///D:/cocos/editor/Creator/3.8.7/resources/resources/3d/engine/editor/assets/default_renderpipeline/builtin-pipeline-settings.ts as cce:/internal/code-quality/cr.mjs.
09:55:51.625 debug: Resolve cc from file:///D:/cocos/editor/Creator/3.8.7/resources/resources/3d/engine/editor/assets/default_renderpipeline/builtin-pipeline-settings.ts as cce:/internal/x/cc.
09:55:51.625 debug: Resolve cc from file:///D:/cocos/editor/Creator/3.8.7/resources/resources/3d/engine/editor/assets/default_renderpipeline/builtin-pipeline-settings.ts as cce:/internal/x/cc.
09:55:51.625 debug: Resolve cc from file:///D:/cocos/editor/Creator/3.8.7/resources/resources/3d/engine/editor/assets/default_renderpipeline/builtin-pipeline-settings.ts as cce:/internal/x/cc.
09:55:51.625 debug: Resolve cc/env from file:///D:/cocos/editor/Creator/3.8.7/resources/resources/3d/engine/editor/assets/default_renderpipeline/builtin-pipeline-settings.ts as external dependency cc/env.
09:55:51.628 debug: Resolve ./builtin-pipeline-types from file:///D:/cocos/editor/Creator/3.8.7/resources/resources/3d/engine/editor/assets/default_renderpipeline/builtin-pipeline-settings.ts as file:///D:/cocos/editor/Creator/3.8.7/resources/resources/3d/engine/editor/assets/default_renderpipeline/builtin-pipeline-types.ts.
09:55:51.628 debug: Resolve cc from file:///D:/cocos/editor/Creator/3.8.7/resources/resources/3d/engine/editor/assets/default_renderpipeline/builtin-pipeline-types.ts as cce:/internal/x/cc.
09:55:51.628 debug: Resolve cc from file:///D:/cocos/editor/Creator/3.8.7/resources/resources/3d/engine/editor/assets/default_renderpipeline/builtin-pipeline-types.ts as cce:/internal/x/cc.
09:55:51.628 debug: Resolve cc from file:///D:/cocos/editor/Creator/3.8.7/resources/resources/3d/engine/editor/assets/default_renderpipeline/builtin-pipeline-types.ts as cce:/internal/x/cc.
09:55:51.629 debug: Resolve cce:/internal/code-quality/cr.mjs from file:///D:/cocos/editor/Creator/3.8.7/resources/resources/3d/engine/editor/assets/default_renderpipeline/builtin-pipeline-pass.ts as cce:/internal/code-quality/cr.mjs.
09:55:51.629 debug: Resolve cc from file:///D:/cocos/editor/Creator/3.8.7/resources/resources/3d/engine/editor/assets/default_renderpipeline/builtin-pipeline-pass.ts as cce:/internal/x/cc.
09:55:51.629 debug: Resolve cc from file:///D:/cocos/editor/Creator/3.8.7/resources/resources/3d/engine/editor/assets/default_renderpipeline/builtin-pipeline-pass.ts as cce:/internal/x/cc.
09:55:51.629 debug: Resolve cc from file:///D:/cocos/editor/Creator/3.8.7/resources/resources/3d/engine/editor/assets/default_renderpipeline/builtin-pipeline-pass.ts as cce:/internal/x/cc.
09:55:51.631 debug: Resolve ./builtin-pipeline-settings from file:///D:/cocos/editor/Creator/3.8.7/resources/resources/3d/engine/editor/assets/default_renderpipeline/builtin-pipeline-pass.ts as file:///D:/cocos/editor/Creator/3.8.7/resources/resources/3d/engine/editor/assets/default_renderpipeline/builtin-pipeline-settings.ts.
09:55:51.632 debug: Resolve cc/env from file:///D:/cocos/editor/Creator/3.8.7/resources/resources/3d/engine/editor/assets/default_renderpipeline/builtin-pipeline-pass.ts as external dependency cc/env.
09:55:51.632 debug: Resolve cce:/internal/code-quality/cr.mjs from file:///D:/cocos/editor/Creator/3.8.7/resources/resources/3d/engine/editor/assets/default_renderpipeline/builtin-pipeline.ts as cce:/internal/code-quality/cr.mjs.
09:55:51.632 debug: Resolve cc from file:///D:/cocos/editor/Creator/3.8.7/resources/resources/3d/engine/editor/assets/default_renderpipeline/builtin-pipeline.ts as cce:/internal/x/cc.
09:55:51.632 debug: Resolve cc from file:///D:/cocos/editor/Creator/3.8.7/resources/resources/3d/engine/editor/assets/default_renderpipeline/builtin-pipeline.ts as cce:/internal/x/cc.
09:55:51.632 debug: Resolve cc from file:///D:/cocos/editor/Creator/3.8.7/resources/resources/3d/engine/editor/assets/default_renderpipeline/builtin-pipeline.ts as cce:/internal/x/cc.
09:55:51.632 debug: Resolve cc/env from file:///D:/cocos/editor/Creator/3.8.7/resources/resources/3d/engine/editor/assets/default_renderpipeline/builtin-pipeline.ts as external dependency cc/env.
09:55:51.634 debug: Resolve ./builtin-pipeline-types from file:///D:/cocos/editor/Creator/3.8.7/resources/resources/3d/engine/editor/assets/default_renderpipeline/builtin-pipeline.ts as file:///D:/cocos/editor/Creator/3.8.7/resources/resources/3d/engine/editor/assets/default_renderpipeline/builtin-pipeline-types.ts.
09:55:51.634 debug: Resolve cc from file:///D:/cocos/editor/Creator/3.8.7/resources/resources/3d/engine/editor/assets/tools/debug-view-runtime-control.ts as cce:/internal/x/cc.
09:55:51.635 debug: Resolve cc from file:///D:/cocos/editor/Creator/3.8.7/resources/resources/3d/engine/editor/assets/tools/debug-view-runtime-control.ts as cce:/internal/x/cc.
09:55:51.635 debug: Resolve cc from file:///D:/cocos/editor/Creator/3.8.7/resources/resources/3d/engine/editor/assets/tools/debug-view-runtime-control.ts as cce:/internal/x/cc.
09:55:51.648 debug: Target(preview) ends with cost 1407.4868999999999ms.
09:59:02.982 debug: Dispatch build request for time accumulated 1 asset changes.
09:59:02.985 debug: Build iteration starts.
Number of accumulated asset changes: 1
Feature changed: false
09:59:02.986 debug: Target(editor) build started.
09:59:02.990 debug: Detected change: cce:/internal/x/prerequisite-imports. Last mtime: Thu Jan 01 1970 08:00:17 GMT+0800 (中国标准时间), Current mtime: Thu Jan 01 1970 08:03:31 GMT+0800 (中国标准时间)
09:59:02.990 debug: Inspect cce:/internal/x/prerequisite-imports
09:59:03.012 debug: transform url: 'cce:/internal/x/prerequisite-imports' costs: 22.00 ms
09:59:03.017 debug: Resolve file:///D:/cocos/editor/Creator/3.8.7/resources/resources/3d/engine/editor/assets/default_renderpipeline/builtin-dof-pass.ts from cce:/internal/x/prerequisite-imports as file:///D:/cocos/editor/Creator/3.8.7/resources/resources/3d/engine/editor/assets/default_renderpipeline/builtin-dof-pass.ts.
09:59:03.020 debug: Resolve file:///D:/cocos/editor/Creator/3.8.7/resources/resources/3d/engine/editor/assets/default_renderpipeline/builtin-pipeline-pass.ts from cce:/internal/x/prerequisite-imports as file:///D:/cocos/editor/Creator/3.8.7/resources/resources/3d/engine/editor/assets/default_renderpipeline/builtin-pipeline-pass.ts.
09:59:03.022 debug: Resolve file:///D:/cocos/editor/Creator/3.8.7/resources/resources/3d/engine/editor/assets/default_renderpipeline/builtin-pipeline-settings.ts from cce:/internal/x/prerequisite-imports as file:///D:/cocos/editor/Creator/3.8.7/resources/resources/3d/engine/editor/assets/default_renderpipeline/builtin-pipeline-settings.ts.
09:59:03.024 debug: Resolve file:///D:/cocos/editor/Creator/3.8.7/resources/resources/3d/engine/editor/assets/default_renderpipeline/builtin-pipeline-types.ts from cce:/internal/x/prerequisite-imports as file:///D:/cocos/editor/Creator/3.8.7/resources/resources/3d/engine/editor/assets/default_renderpipeline/builtin-pipeline-types.ts.
09:59:03.027 debug: Resolve file:///D:/cocos/editor/Creator/3.8.7/resources/resources/3d/engine/editor/assets/default_renderpipeline/builtin-pipeline.ts from cce:/internal/x/prerequisite-imports as file:///D:/cocos/editor/Creator/3.8.7/resources/resources/3d/engine/editor/assets/default_renderpipeline/builtin-pipeline.ts.
09:59:03.031 debug: Resolve file:///D:/cocos/editor/Creator/3.8.7/resources/resources/3d/engine/editor/assets/tools/debug-view-runtime-control.ts from cce:/internal/x/prerequisite-imports as file:///D:/cocos/editor/Creator/3.8.7/resources/resources/3d/engine/editor/assets/tools/debug-view-runtime-control.ts.
09:59:03.036 debug: Resolve file:///D:/cocos/project/StoryOfLegend/assets/Script.ts from cce:/internal/x/prerequisite-imports as file:///D:/cocos/project/StoryOfLegend/assets/Script.ts.
09:59:03.036 debug: Inspect file:///D:/cocos/project/StoryOfLegend/assets/Script.ts
09:59:03.066 debug: transform url: 'file:///D:/cocos/project/StoryOfLegend/assets/Script.ts' costs: 29.40 ms
09:59:03.074 debug: Resolve cc from file:///D:/cocos/project/StoryOfLegend/assets/Script.ts as cce:/internal/x/cc.
09:59:03.074 debug: Resolve cc from file:///D:/cocos/project/StoryOfLegend/assets/Script.ts as cce:/internal/x/cc.
09:59:03.074 debug: Resolve cc from file:///D:/cocos/project/StoryOfLegend/assets/Script.ts as cce:/internal/x/cc.
09:59:03.107 debug: Target(editor) ends with cost 120.69010000000708ms.
09:59:03.107 debug: Target(preview) build started.
09:59:03.114 debug: Detected change: cce:/internal/x/prerequisite-imports. Last mtime: Thu Jan 01 1970 08:00:18 GMT+0800 (中国标准时间), Current mtime: Thu Jan 01 1970 08:03:31 GMT+0800 (中国标准时间)
09:59:03.114 debug: Inspect cce:/internal/x/prerequisite-imports
09:59:03.135 debug: transform url: 'cce:/internal/x/prerequisite-imports' costs: 21.20 ms
09:59:03.139 debug: Resolve file:///D:/cocos/editor/Creator/3.8.7/resources/resources/3d/engine/editor/assets/default_renderpipeline/builtin-dof-pass.ts from cce:/internal/x/prerequisite-imports as file:///D:/cocos/editor/Creator/3.8.7/resources/resources/3d/engine/editor/assets/default_renderpipeline/builtin-dof-pass.ts.
09:59:03.143 debug: Resolve file:///D:/cocos/editor/Creator/3.8.7/resources/resources/3d/engine/editor/assets/default_renderpipeline/builtin-pipeline-pass.ts from cce:/internal/x/prerequisite-imports as file:///D:/cocos/editor/Creator/3.8.7/resources/resources/3d/engine/editor/assets/default_renderpipeline/builtin-pipeline-pass.ts.
09:59:03.145 debug: Resolve file:///D:/cocos/editor/Creator/3.8.7/resources/resources/3d/engine/editor/assets/default_renderpipeline/builtin-pipeline-settings.ts from cce:/internal/x/prerequisite-imports as file:///D:/cocos/editor/Creator/3.8.7/resources/resources/3d/engine/editor/assets/default_renderpipeline/builtin-pipeline-settings.ts.
09:59:03.147 debug: Resolve file:///D:/cocos/editor/Creator/3.8.7/resources/resources/3d/engine/editor/assets/default_renderpipeline/builtin-pipeline-types.ts from cce:/internal/x/prerequisite-imports as file:///D:/cocos/editor/Creator/3.8.7/resources/resources/3d/engine/editor/assets/default_renderpipeline/builtin-pipeline-types.ts.
09:59:03.148 debug: Resolve file:///D:/cocos/editor/Creator/3.8.7/resources/resources/3d/engine/editor/assets/default_renderpipeline/builtin-pipeline.ts from cce:/internal/x/prerequisite-imports as file:///D:/cocos/editor/Creator/3.8.7/resources/resources/3d/engine/editor/assets/default_renderpipeline/builtin-pipeline.ts.
09:59:03.150 debug: Resolve file:///D:/cocos/editor/Creator/3.8.7/resources/resources/3d/engine/editor/assets/tools/debug-view-runtime-control.ts from cce:/internal/x/prerequisite-imports as file:///D:/cocos/editor/Creator/3.8.7/resources/resources/3d/engine/editor/assets/tools/debug-view-runtime-control.ts.
09:59:03.151 debug: Resolve file:///D:/cocos/project/StoryOfLegend/assets/Script.ts from cce:/internal/x/prerequisite-imports as file:///D:/cocos/project/StoryOfLegend/assets/Script.ts.
09:59:03.154 debug: Inspect file:///D:/cocos/project/StoryOfLegend/assets/Script.ts
09:59:03.182 debug: transform url: 'file:///D:/cocos/project/StoryOfLegend/assets/Script.ts' costs: 27.80 ms
09:59:03.185 debug: Resolve cc from file:///D:/cocos/project/StoryOfLegend/assets/Script.ts as cce:/internal/x/cc.
09:59:03.185 debug: Resolve cc from file:///D:/cocos/project/StoryOfLegend/assets/Script.ts as cce:/internal/x/cc.
09:59:03.186 debug: Resolve cc from file:///D:/cocos/project/StoryOfLegend/assets/Script.ts as cce:/internal/x/cc.
09:59:03.203 debug: Target(preview) ends with cost 95.42329999999492ms.
10:00:24.458 debug: Dispatch build request for time accumulated 1 asset changes.
10:00:24.465 debug: Build iteration starts.
Number of accumulated asset changes: 1
Feature changed: false
10:00:24.465 debug: Target(editor) build started.
10:00:24.482 debug: Detected change: cce:/internal/x/prerequisite-imports. Last mtime: Thu Jan 01 1970 08:03:31 GMT+0800 (中国标准时间), Current mtime: Thu Jan 01 1970 08:04:52 GMT+0800 (中国标准时间)
10:00:24.482 debug: Inspect cce:/internal/x/prerequisite-imports
10:00:24.505 debug: transform url: 'cce:/internal/x/prerequisite-imports' costs: 23.10 ms
10:00:24.510 debug: Resolve file:///D:/cocos/editor/Creator/3.8.7/resources/resources/3d/engine/editor/assets/default_renderpipeline/builtin-dof-pass.ts from cce:/internal/x/prerequisite-imports as file:///D:/cocos/editor/Creator/3.8.7/resources/resources/3d/engine/editor/assets/default_renderpipeline/builtin-dof-pass.ts.
10:00:24.513 debug: Resolve file:///D:/cocos/editor/Creator/3.8.7/resources/resources/3d/engine/editor/assets/default_renderpipeline/builtin-pipeline-pass.ts from cce:/internal/x/prerequisite-imports as file:///D:/cocos/editor/Creator/3.8.7/resources/resources/3d/engine/editor/assets/default_renderpipeline/builtin-pipeline-pass.ts.
10:00:24.516 debug: Resolve file:///D:/cocos/editor/Creator/3.8.7/resources/resources/3d/engine/editor/assets/default_renderpipeline/builtin-pipeline-settings.ts from cce:/internal/x/prerequisite-imports as file:///D:/cocos/editor/Creator/3.8.7/resources/resources/3d/engine/editor/assets/default_renderpipeline/builtin-pipeline-settings.ts.
10:00:24.517 debug: Resolve file:///D:/cocos/editor/Creator/3.8.7/resources/resources/3d/engine/editor/assets/default_renderpipeline/builtin-pipeline-types.ts from cce:/internal/x/prerequisite-imports as file:///D:/cocos/editor/Creator/3.8.7/resources/resources/3d/engine/editor/assets/default_renderpipeline/builtin-pipeline-types.ts.
10:00:24.519 debug: Resolve file:///D:/cocos/editor/Creator/3.8.7/resources/resources/3d/engine/editor/assets/default_renderpipeline/builtin-pipeline.ts from cce:/internal/x/prerequisite-imports as file:///D:/cocos/editor/Creator/3.8.7/resources/resources/3d/engine/editor/assets/default_renderpipeline/builtin-pipeline.ts.
10:00:24.522 debug: Resolve file:///D:/cocos/editor/Creator/3.8.7/resources/resources/3d/engine/editor/assets/tools/debug-view-runtime-control.ts from cce:/internal/x/prerequisite-imports as file:///D:/cocos/editor/Creator/3.8.7/resources/resources/3d/engine/editor/assets/tools/debug-view-runtime-control.ts.
10:00:24.543 debug: Target(editor) ends with cost 77.49080000002868ms.
10:00:24.543 debug: Target(preview) build started.
10:00:24.548 debug: Detected change: cce:/internal/x/prerequisite-imports. Last mtime: Thu Jan 01 1970 08:03:31 GMT+0800 (中国标准时间), Current mtime: Thu Jan 01 1970 08:04:52 GMT+0800 (中国标准时间)
10:00:24.548 debug: Inspect cce:/internal/x/prerequisite-imports
10:00:24.595 debug: transform url: 'cce:/internal/x/prerequisite-imports' costs: 47.40 ms
10:00:24.599 debug: Resolve file:///D:/cocos/editor/Creator/3.8.7/resources/resources/3d/engine/editor/assets/default_renderpipeline/builtin-dof-pass.ts from cce:/internal/x/prerequisite-imports as file:///D:/cocos/editor/Creator/3.8.7/resources/resources/3d/engine/editor/assets/default_renderpipeline/builtin-dof-pass.ts.
10:00:24.601 debug: Resolve file:///D:/cocos/editor/Creator/3.8.7/resources/resources/3d/engine/editor/assets/default_renderpipeline/builtin-pipeline-pass.ts from cce:/internal/x/prerequisite-imports as file:///D:/cocos/editor/Creator/3.8.7/resources/resources/3d/engine/editor/assets/default_renderpipeline/builtin-pipeline-pass.ts.
10:00:24.603 debug: Resolve file:///D:/cocos/editor/Creator/3.8.7/resources/resources/3d/engine/editor/assets/default_renderpipeline/builtin-pipeline-settings.ts from cce:/internal/x/prerequisite-imports as file:///D:/cocos/editor/Creator/3.8.7/resources/resources/3d/engine/editor/assets/default_renderpipeline/builtin-pipeline-settings.ts.
10:00:24.604 debug: Resolve file:///D:/cocos/editor/Creator/3.8.7/resources/resources/3d/engine/editor/assets/default_renderpipeline/builtin-pipeline-types.ts from cce:/internal/x/prerequisite-imports as file:///D:/cocos/editor/Creator/3.8.7/resources/resources/3d/engine/editor/assets/default_renderpipeline/builtin-pipeline-types.ts.
10:00:24.606 debug: Resolve file:///D:/cocos/editor/Creator/3.8.7/resources/resources/3d/engine/editor/assets/default_renderpipeline/builtin-pipeline.ts from cce:/internal/x/prerequisite-imports as file:///D:/cocos/editor/Creator/3.8.7/resources/resources/3d/engine/editor/assets/default_renderpipeline/builtin-pipeline.ts.
10:00:24.610 debug: Resolve file:///D:/cocos/editor/Creator/3.8.7/resources/resources/3d/engine/editor/assets/tools/debug-view-runtime-control.ts from cce:/internal/x/prerequisite-imports as file:///D:/cocos/editor/Creator/3.8.7/resources/resources/3d/engine/editor/assets/tools/debug-view-runtime-control.ts.
10:00:24.629 debug: Target(preview) ends with cost 85.19069999997737ms.
